8 14 20
7 14 20
12 14 18
8 10 20
13 8 20
12 11 15
12 14 18
12 11 15
13 7 20
14 8 20
15 15 18
13 13 10
15 15 18
15 11 18
8 8 4
12 7 20
7 10 20
12 10 15
8 14 20
84 114 119
122 125 109
152 127 122
148 147 117
130 91 122
100 110 114
145 99 122
117 106 114
133 143 104
121 76 119
120 111 70
86 152 122
130 140 91
154 124 122
114 128 109
75 127 119
71 125 119
80 152 122
82 158 122
127 139 122
1473 1535 154
1447 1302 177
1050 728 179
977 1398 182
1311 785 182
1610 1198 177
1698 1131 182
1349 918 182
1342 919 182
1429 747 182
1623 1505 167
1683 1225 180
839 1027 179
1592 1272 177
896 1154 174
933 1377 182
979 1388 182
970 1037 156
1124 955 169
726 725 47
11981 8484 268
7709 8917 252
11548 8555 268
16702 13692 271
8590 10083 260
8848 15215 276
14854 14849 134
12138 11956 250
14425 11319 276
9365 12207 268
8574 15753 276
14645 14035 209
14124 7956 276
14458 8688 276
16723 7831 276
7829 11595 268
10787 8428 260
14983 16806 271
11454 16157 276
14970 14515 271
73941 132268 354
75802 84825 351
169990 162727 352
162426 167848 352
155415 145305 370
149572 150035 370
152929 147578 370
108187 106789 323
157607 141475 383
116841 127887 336
100577 100649 235
130254 135526 344
99991 88058 333
139147 148657 375
83984 83494 289
146503 156814 383
149530 151194 370
155405 158409 383
137689 151598 375
155147 121994 375
333332 333333 154
325464 332115 353
445676 458764 387
495465 489761 426
226785 216457 368
346585 349576 348
445758 449875 369
546879 543156 452
787648 787541 331
877456 876541 401
816548 816458 238
997845 997832 122
675134 675438 310
945000 945135 277
976445 976135 383
