8a9d3d5a7ec77203079b6a9d1478410b74bb47ad new log
477aab4fa62f06a7696bb6a8aeb6f62de93733f9 altered log
b2f79a21a22119d1aeb915c725cda0986db0c398 final log
0f12890de1b851c2603d6b7e7d8693fb4164e952 Merge pull request #31 from bkvanvig/master
1c23e8aa1b02816fa9c99f731dab6e00f865f46b Delete Collatz.c++~
fb8f61caff187a77d491b3b12d422961884c13e0 removed ~
9c68be62a59d7179c4f9c52ac2e40d78c8cca697 added log
0f676b10d62d21b6429c98cd51754c7d0e239f16 doxygen edits
fbf271ae79d713b8129874940dc6dcb38169ac28 updated documentation
f3bebecc433b6caad42ed14f91800ced068f7118 updated html documentation
bbf0fc03bbe38e8bb659265ca2d9ec108a9f52fc added more detailed method descriptions
79d652af81011743aac67397d3f81a0f4efa3e5a removed backup files
e9778d36ff7cf81db18dcaca0ecbceb09513d5e0 ran Doxygen, close #22
bea2fae3cdbcce9997b2b7abb4222ad0637babd3 nearly final
99f6a5c978913d755b457097f67d39df07c22a59 Merge branch 'dev'
cdfe950dfe38bec1e1baabb93afc2c674082efba updated Collatz file
6d141324e8b9f8a1d0cfb7d7e0a120b6a2a2284d Delete type_traits.h.gcov
7c7cd1efacd5c83d73b8434c92b05d2522363c71 Delete stl_pair.h.gcov
f8aeebb6d462dbee4a0ea604ccd9f99aaf785213 Delete stl_iterator_base_types.h.gcov
af5cdb4736d1bbb173331c8fb023abef54c4c770 Delete stl_iterator_base_funcs.h.gcov
95109f759b6caaffa65246cc3136c1587ecf25ce Delete sstream.gcov
20cbfd74b46c1af286255acc88d486442141636c Delete new_allocator.h.gcov
e80a280a932c014703f07be75bc70d97b69ffcdd Delete move.h.gcov
9d3d5c6ff230f2126cc8cd54ad605aaed2e20b5d Delete locale_facets.h.gcov
900e45b9abaff80388898a04ab73a55fbc8e37b7 Delete iostream.gcov
3ed2a3c8b1c66cf82405d0166ffe12482086fc56 Delete ios_base.h.gcov
af67ec13425306e600cb8500a99d8f2fedae7e5e Delete gthr-default.h.gcov
57a1ea0fa66109bddbec820f2229280f59e75bc4 Delete gtest.h.gcov
955811bfc27a93d100ebaeb5bf102025b5305130 Delete gtest-printers.h.gcov
8fcafc18c664ce977bb3d6ee653aabe1764714b4 Delete gtest-port.h.gcov
d9cb78b71569c92d15aa213eb9d50c6fc88ad4c4 Delete gtest-message.h.gcov
11d86aa9c3d530cc9b5a168dcbf749de228f8bc2 Delete gtest-internal.h.gcov
b1ef8ff57efdc450bf69acccc97ecd64207f4dfa Delete char_traits.h.gcov
0578b915459c5314765c6b99fa9f7a562271d934 Delete basic_string.tcc.gcov
b1b132d88ed2939911b97d8de12225a6c539ef28 Delete basic_string.h.gcov
d4596bc26e85538c805a9220930d8ca97f687e5f Delete atomicity.h.gcov
436c451cc68485b859877caa3833502a5fe124a1 Delete allocator.h.gcov
13ddd9fbb47ed6d7876e0e6b2d141cd66492ca7c Delete a.out
9bf0320c4770e1ffed50d9177917d98ae1b52f99 Delete TestCollatz.gcno
d15300dc37c32aedce3282393b99a693baa96344 Delete TestCollatz.gcda
e94f0e82482af640efaba8a5cfd87cf07f802a47 Delete TestCollatz.c++.gcov
cc8b77b98c39ed1579ce82b0821f9e2835f5ecfe Delete Collatz.gcno
4ec84f4a3b0cb7d4679d7bd4f90bcd3e7928dc0e Delete Collatz.gcda
7b21b9233ab5f97d558bc54d2ce487c18e6c6ec9 Delete Collatz.c++.gcov
7d60f2eb6b30f4a06dd9d85ebf2200a40a3df82f Delete .nfs00000000037c1d070000004b
13606ca7d8ab2c484ecb968bc87356c92a8d222f Delete .nfs00000000037c1cfe0000004c
85f44ac5e0c8d61c1cb8b11a18ca7e8bf3260857 Delete .makefile.swp
59301530decf15b0c7a16f2200d69b0f73231a1f Delete .nfs00000000037c1cfd00000039
e8788d5b308c3f11b7d046a943f8a3155defc2b9 reran make test
951b85e026615d193ef5004d0460d5e900b2402a updated files
b07bf08401806251aaefe69fb2767803bcdec6f3 updated READEME
cae02f27a4c9c9595fcd6e2e4cda2bc99b6606ed updated eid file
4e125492e3f2fa09161f0fbc2bf31d222e65d346 Merge pull request #30 from bkvanvig/dev
73fced6d7a67463b11156a3f85dcf43e3af56a80 sped up cached version of SphereCollatz
ce449f30ed1766edbe89ec6160b7507b4e1edf96 updated SphereCollatz file
7eaf22bd2ce332cbe319eedba2a8a7ce357f21d4 added ifdef cache, close #19
193beeb9ad0460782ebba9899dc87601fd4f042a improving coverage
1368643f1f54fcdded2124e61fe7381e03ffb49e corrected test answer
88238e6f20e8780a64343ef891f908314e3febe7 changed test to long range
79afb2018d6ca3536dd4b0c7e97fe9b07197bbef fixed test number
a4bb156d048f0455c4f6b7ce48f3aa1cbcc0c7de cloned test repo
b7a7d7f825704c815fa0a52fb7ef9c3fda10bc71 added more tests
9f913dff81c264aa88118719b23bd1621c790833 edited makefile
bacf24ceb15521e2e23cb640a5e557d1038251f2 replaced EID with my own
bb33e6bd5bd3ba848ea1cacd88b0c49f6b28ac36 solution accepted by sphere, close #20, close #21
b0db627a93d31da558c143a053dba149500281d4 fixed math error
2843d633f40f6c77cea26cdd7daf2a4c4eb762ea added cache, closes #18
e71e57db691e250f06576d4d9cbb0f9f1c6eb2d4 fixed typo in for loop of populate_cache
689ff4c0dc75d9d258480942b566e55db100038e optimized calculations
67bd844337e5b8a1b1acd921893b60f7ae4f1920 Merge pull request #29 from bkvanvig/master
2fdfc61071af9f5769a6df86b6ac3e98048c66ab Merge pull request #28 from bkvanvig/dev
ef45a2793afaa0d18e66f10ab01b6c3f52faf179 Delete a.out
7aa97557719de67ac2e976b7e6e5da1da9623503 Delete TestCreation.c++~
a8fe721f09ff636c8da39d67b2ae08d60db48901 Delete TestCollatz.c++~
baecdd723e56d124baecf6a6d5fb6f3cf96d54c9 Delete SphereCollatz.c++~
04d65c83e825c3f6d1fb3eee6e9ff53b3bef830d Delete RunCollatz.in~
cbf0efe13ce412fa16dc53182104686f255705a2 Delete RunCollatz.c++~
f10fb563ae61cd0eecc35700e7dfaa2fd9e0e065 Delete README~
9fe9b93906746a483433244ebbfc2450ae386382 Delete Collatz.c++~
e3ff1280a78a42bfbb566bfd44789124aee78a90 Delete .travis.yml~
3869ac2c402978d14254e90d1d5e9b24a17ec9fd Delete .travis.yml.swp
cb1e232741355c5ad051705cd845c62de4e2f96f Got TestCollatz to quit complaining by not calling populate_cache
6eb07ef33018a7766437e061ea98e64280bb07da added print statements for debugging purposes
305d6e7ed9922e28de3b8b6e1ca9e5a3f5d8ecf2 cache failing when in header
41c59b1f2420f7b6abfa526b2856d3b5c6429455 multiple declarations error
3e2f960c895808172091a7092c29689097b73dc3 debugging valgrind error
2f9500991672c53fa01bc3fb86ab371968827ce8 debugging valgrind error
53e69a1948e7d014f177c2b6361bf53e6ff6ea46 moved populate_cache declaration
6ab6546cafab4dca16fe0aea2a443dc8a8003e89 missing return statement was breaking everything
4810de0e7313932a318105c9ad022001c0ddb3e3 moved populate_cache call to RunCollatz main
e17af9485da6c2b3d3a139173a720a3431953204 edited TestCollatz
79a91f1277e32b28f47912b772475eed614c4175 removed call to populate_cache in collatz_eval for easier testing
274d7f47c025c8b601d5564f2f35ffcbc1714a4e hopefully fixed uninitialized cache error when testing
62e9201ec0096d775cd53b39daf44d059612d5ad Still debugging TestCollatz failure
fd6c715da86620c0b8c78c6e39520be0c27bfce9 debugging TestCollatz freeze
ba77b73d0f42a4d3475a759743b9e6f0ebbc659e eliminated possible troubling test cases
ebb601018072dd6c2ed3c0158d61706d73d9106f added cache initializations
134dfb3ef62654e801975c42f64ef673f4951436 fixed typo
5f53e09375d5a8b905e6d685767580cc1184c664 added simple cache
bbe0a18c5b7386cdefcaf3a7923d8529e98a35b6 removed backup files
5f624abc12a048f6bf4de97fdf6a9d4296b12329 updated time log
a938e27913ce867a60991f8b936c14ce7a8bdb3d updated time log
163c1992cace6b349ddb667a46a317aa2f243aba created acceptance tests
89f840c82866dffb1b47af23a748f5fdfc0d95f4 created SphereCollatz.c++, accepted by Sphere, closes #14, closes #15
0f8c8b24440cce873473ef838746f580012c9bfd added assertions to collatz
0a5d5b3db4c8ea78a4d648c537965ccf1e04f6ce added test cases to TestCollatz.out, fixed i>j problem in Collatz
b468e9e5d738ae9cd6ba6fdc24e0d7896d7c5314 fixed silly test renaming error
9fb9a7767f6bda89f78f35c274de76760c45a569 added more unit tests, close #11, #12, #13
2ff8772f46f33cf30513ee212cb44f4571660c71 fixed typo causing failures, close 13
8e3cc52a70bc4b52f7137d497e93f5a417f77e36 still fixing math error
80cbb96f7939ecd9721bec2882c1864103e7e5e6 fixed math error
d82de52a6617372ed227bcc0427407716b237e2d fixed forward declaration error
d2ce65bc207b49e52cb18627059c7d40101f018f added simple, dumb solution
18243d227661ba3625b17382e27c7eef2b64a92b fixed unit test conditions, should fail build
c440413c12e5e65e46dc2e6e80847cf71d4acad4 switched asserts back to 1 to test build
24f2db292cbe74ecbb16d132878cb96533af1736 switched to nonfatal assertions
182ecc54b52e6856a6983ea7198be74e02bd7422 updated readme time log
b19d578fc80cc346ed8d2cd15f1f0b9823ae5a87 testcollatz update
30f06480fca43974afb87030212c1d4ba837fe93 fixed unit tests, should now fail tests, close 11
dc428511e4d9e93c33e0548ed2d5f67a09a4e494 fixed sudo:required declaration
a529e790f676db85fdde3a0924790d870db8bb77 added sudo: required to travis file
38918d5b5051a523fa20554fa5b3e82caca8f5ef added travis file
9d4a9dcd042da6eb6fc0e215aeff25fb49734f65 removed travis file from master branch
7723debe5d07b6571f50e1242759cc03d5bb170f added travis yml ?
8523c53e88e753c3d4ce847d3b2b20d8df08ba72 corrected the names of files
c7c761ef1bd7be7e51ed67e66ae3d5b922041e20 initialize repo
