29 44 110
73 80 116
24 71 113
56 40 113
70 2 113
42 41 110
6 26 24
96 5 116
43 55 113
80 56 116
99 9 119
61 34 113
27 18 112
45 77 116
92 11 116
33 19 112
55 4 113
96 76 111
74 53 116
14 44 112
52 55 113
82 57 116
78 77 36
60 21 113
30 40 107
75 29 116
47 36 110
63 73 116
51 6 112
50 41 110
16 82 116
60 70 108
84 54 116
44 58 113
5 57 113
1 55 113
10 82 116
12 88 116
57 69 108
7 87 116
8 79 116
16 54 113
15 76 116
25 66 113
81 74 36
7 97 119
54 64 113
65 38 113
17 10 18
94 21 116
973 515 179
129 317 131
882 562 179
186 444 144
223 667 145
269 678 145
260 327 144
414 245 144
16 15 18
38 915 179
221 745 171
55 860 171
952 687 179
787 390 171
442 419 116
904 134 179
933 751 179
169 816 171
32 354 144
978 255 179
740 247 171
651 999 179
292 66 128
244 307 123
80 282 128
941 301 179
745 714 140
879 416 179
120 385 144
806 561 171
804 710 153
414 456 134
461 582 142
272 212 128
936 968 174
466 395 134
933 117 179
394 226 144
900 356 179
532 980 179
356 192 144
999 101 179
906 597 179
517 26 144
981 323 179
306 785 171
751 719 140
960 930 174
301 232 128
142 955 179
